1728002672.845753 client started (65976): version 3.4, socket /private/tmp/tmux-501/default, protocol 8
1728002672.845918 on Darwin 24.0.0 Darwin Kernel Version 24.0.0: Mon Aug 12 20:54:26 PDT 2024; root:xnu-11215.1.10~2/RELEASE_ARM64_T8112
1728002672.845942 using libevent 2.1.12-stable select
1728002672.846274 using utf8proc 2.9.0
1728002672.846289 using ncurses 6.5 20240427
1728002672.846320 flags are 0x10010000
1728002672.846330 socket is /private/tmp/tmux-501/default
1728002672.846356 trying connect
1728002672.846436 add peer 0x128008000: 6 (0x0)
1728002672.850743 sending message 100 to peer 0x128008000 (4 bytes)
1728002672.850803 sending message 111 to peer 0x128008000 (8 bytes)
1728002672.850815 sending message 101 to peer 0x128008000 (16 bytes)
1728002672.850824 sending message 109 to peer 0x128008000 (4 bytes)
1728002672.850833 sending message 102 to peer 0x128008000 (13 bytes)
1728002672.850842 sending message 108 to peer 0x128008000 (39 bytes)
1728002672.850850 sending message 112 to peer 0x128008000 (70 bytes)
1728002672.850857 sending message 112 to peer 0x128008000 (5 bytes)
1728002672.850864 sending message 112 to peer 0x128008000 (5 bytes)
1728002672.850871 sending message 112 to peer 0x128008000 (6 bytes)
1728002672.850878 sending message 112 to peer 0x128008000 (6 bytes)
1728002672.850885 sending message 112 to peer 0x128008000 (11 bytes)
1728002672.850892 sending message 112 to peer 0x128008000 (10 bytes)
1728002672.850899 sending message 112 to peer 0x128008000 (13 bytes)
1728002672.850906 sending message 112 to peer 0x128008000 (13 bytes)
1728002672.850913 sending message 112 to peer 0x128008000 (18 bytes)
1728002672.850920 sending message 112 to peer 0x128008000 (11 bytes)
1728002672.850927 sending message 112 to peer 0x128008000 (21 bytes)
1728002672.850933 sending message 112 to peer 0x128008000 (13 bytes)
1728002672.850940 sending message 112 to peer 0x128008000 (7 bytes)
1728002672.850947 sending message 112 to peer 0x128008000 (13 bytes)
1728002672.850955 sending message 112 to peer 0x128008000 (7 bytes)
1728002672.850962 sending message 112 to peer 0x128008000 (13 bytes)
1728002672.850969 sending message 112 to peer 0x128008000 (9 bytes)
1728002672.850976 sending message 112 to peer 0x128008000 (21 bytes)
1728002672.850983 sending message 112 to peer 0x128008000 (13 bytes)
1728002672.850990 sending message 112 to peer 0x128008000 (8 bytes)
1728002672.850997 sending message 112 to peer 0x128008000 (12 bytes)
1728002672.851004 sending message 112 to peer 0x128008000 (13 bytes)
1728002672.851012 sending message 112 to peer 0x128008000 (9 bytes)
1728002672.851019 sending message 112 to peer 0x128008000 (9 bytes)
1728002672.851026 sending message 112 to peer 0x128008000 (12 bytes)
1728002672.851033 sending message 112 to peer 0x128008000 (8 bytes)
1728002672.851131 sending message 112 to peer 0x128008000 (7 bytes)
1728002672.851146 sending message 112 to peer 0x128008000 (7 bytes)
1728002672.851155 sending message 112 to peer 0x128008000 (9 bytes)
1728002672.851164 sending message 112 to peer 0x128008000 (13 bytes)
1728002672.851172 sending message 112 to peer 0x128008000 (9 bytes)
1728002672.851180 sending message 112 to peer 0x128008000 (13 bytes)
1728002672.851187 sending message 112 to peer 0x128008000 (12 bytes)
1728002672.851195 sending message 112 to peer 0x128008000 (8 bytes)
1728002672.851202 sending message 112 to peer 0x128008000 (9 bytes)
1728002672.851209 sending message 112 to peer 0x128008000 (10 bytes)
1728002672.851217 sending message 112 to peer 0x128008000 (10 bytes)
1728002672.851224 sending message 112 to peer 0x128008000 (10 bytes)
1728002672.851231 sending message 112 to peer 0x128008000 (10 bytes)
1728002672.851239 sending message 112 to peer 0x128008000 (11 bytes)
1728002672.851246 sending message 112 to peer 0x128008000 (10 bytes)
1728002672.851253 sending message 112 to peer 0x128008000 (8 bytes)
1728002672.851260 sending message 112 to peer 0x128008000 (11 bytes)
1728002672.851268 sending message 112 to peer 0x128008000 (11 bytes)
1728002672.851275 sending message 112 to peer 0x128008000 (11 bytes)
1728002672.851302 sending message 112 to peer 0x128008000 (8 bytes)
1728002672.851308 sending message 112 to peer 0x128008000 (8 bytes)
1728002672.851313 sending message 112 to peer 0x128008000 (8 bytes)
1728002672.851319 sending message 112 to peer 0x128008000 (10 bytes)
1728002672.851324 sending message 112 to peer 0x128008000 (10 bytes)
1728002672.851330 sending message 112 to peer 0x128008000 (10 bytes)
1728002672.851335 sending message 112 to peer 0x128008000 (10 bytes)
1728002672.851340 sending message 112 to peer 0x128008000 (10 bytes)
1728002672.851345 sending message 112 to peer 0x128008000 (11 bytes)
1728002672.851350 sending message 112 to peer 0x128008000 (11 bytes)
1728002672.851355 sending message 112 to peer 0x128008000 (10 bytes)
1728002672.851360 sending message 112 to peer 0x128008000 (9 bytes)
1728002672.851366 sending message 112 to peer 0x128008000 (9 bytes)
1728002672.851371 sending message 112 to peer 0x128008000 (12 bytes)
1728002672.851376 sending message 112 to peer 0x128008000 (9 bytes)
1728002672.851381 sending message 112 to peer 0x128008000 (6 bytes)
1728002672.851386 sending message 112 to peer 0x128008000 (8 bytes)
1728002672.851391 sending message 112 to peer 0x128008000 (15 bytes)
1728002672.851396 sending message 112 to peer 0x128008000 (13 bytes)
1728002672.851402 sending message 112 to peer 0x128008000 (70 bytes)
1728002672.851411 sending message 112 to peer 0x128008000 (69 bytes)
1728002672.851417 sending message 112 to peer 0x128008000 (10 bytes)
1728002672.851422 sending message 112 to peer 0x128008000 (8 bytes)
1728002672.851427 sending message 112 to peer 0x128008000 (15 bytes)
1728002672.851432 sending message 112 to peer 0x128008000 (13 bytes)
1728002672.851438 sending message 112 to peer 0x128008000 (10 bytes)
1728002672.851443 sending message 112 to peer 0x128008000 (10 bytes)
1728002672.851448 sending message 112 to peer 0x128008000 (5 bytes)
1728002672.851453 sending message 112 to peer 0x128008000 (5 bytes)
1728002672.851460 sending message 104 to peer 0x128008000 (0 bytes)
1728002672.851471 sending message 110 to peer 0x128008000 (0 bytes)
1728002672.851477 sending message 107 to peer 0x128008000 (4 bytes)
1728002672.851482 sending message 105 to peer 0x128008000 (15 bytes)
1728002672.851487 sending message 105 to peer 0x128008000 (15 bytes)
1728002672.851492 sending message 105 to peer 0x128008000 (20 bytes)
1728002672.851501 sending message 105 to peer 0x128008000 (22 bytes)
1728002672.851507 sending message 105 to peer 0x128008000 (64 bytes)
1728002672.851519 sending message 105 to peer 0x128008000 (12 bytes)
1728002672.851524 sending message 105 to peer 0x128008000 (35 bytes)
1728002672.851530 sending message 105 to peer 0x128008000 (25 bytes)
1728002672.851535 sending message 105 to peer 0x128008000 (17 bytes)
1728002672.851540 sending message 105 to peer 0x128008000 (22 bytes)
1728002672.851545 sending message 105 to peer 0x128008000 (61 bytes)
1728002672.851550 sending message 105 to peer 0x128008000 (14 bytes)
1728002672.851555 sending message 105 to peer 0x128008000 (17 bytes)
1728002672.851560 sending message 105 to peer 0x128008000 (19 bytes)
1728002672.851565 sending message 105 to peer 0x128008000 (26 bytes)
1728002672.851571 sending message 105 to peer 0x128008000 (13 bytes)
1728002672.851576 sending message 105 to peer 0x128008000 (54 bytes)
1728002672.851581 sending message 105 to peer 0x128008000 (20 bytes)
1728002672.851586 sending message 105 to peer 0x128008000 (13 bytes)
1728002672.851591 sending message 105 to peer 0x128008000 (52 bytes)
1728002672.851596 sending message 105 to peer 0x128008000 (16 bytes)
1728002672.851601 sending message 105 to peer 0x128008000 (25 bytes)
1728002672.851606 sending message 105 to peer 0x128008000 (61 bytes)
1728002672.851611 sending message 105 to peer 0x128008000 (36 bytes)
1728002672.851624 sending message 105 to peer 0x128008000 (1115 bytes)
1728002672.851643 sending message 105 to peer 0x128008000 (43 bytes)
1728002672.851650 sending message 105 to peer 0x128008000 (30 bytes)
1728002672.851655 sending message 105 to peer 0x128008000 (16 bytes)
1728002672.851675 sending message 105 to peer 0x128008000 (24 bytes)
1728002672.851680 sending message 105 to peer 0x128008000 (15 bytes)
1728002672.851685 sending message 105 to peer 0x128008000 (8 bytes)
1728002672.851690 sending message 105 to peer 0x128008000 (66 bytes)
1728002672.851695 sending message 105 to peer 0x128008000 (21 bytes)
1728002672.851701 sending message 105 to peer 0x128008000 (86 bytes)
1728002672.851713 sending message 105 to peer 0x128008000 (44 bytes)
1728002672.851718 sending message 105 to peer 0x128008000 (18 bytes)
1728002672.851724 sending message 105 to peer 0x128008000 (25 bytes)
1728002672.851729 sending message 105 to peer 0x128008000 (60 bytes)
1728002672.851734 sending message 105 to peer 0x128008000 (22 bytes)
1728002672.851739 sending message 105 to peer 0x128008000 (57 bytes)
1728002672.851744 sending message 105 to peer 0x128008000 (42 bytes)
1728002672.851749 sending message 105 to peer 0x128008000 (14 bytes)
1728002672.851754 sending message 105 to peer 0x128008000 (52 bytes)
1728002672.851760 sending message 105 to peer 0x128008000 (10 bytes)
1728002672.851765 sending message 105 to peer 0x128008000 (22 bytes)
1728002672.851770 sending message 105 to peer 0x128008000 (34 bytes)
1728002672.851775 sending message 105 to peer 0x128008000 (36 bytes)
1728002672.851780 sending message 105 to peer 0x128008000 (39 bytes)
1728002672.851785 sending message 105 to peer 0x128008000 (14 bytes)
1728002672.851790 sending message 105 to peer 0x128008000 (19 bytes)
1728002672.851795 sending message 105 to peer 0x128008000 (37 bytes)
1728002672.851800 sending message 105 to peer 0x128008000 (52 bytes)
1728002672.851805 sending message 105 to peer 0x128008000 (25 bytes)
1728002672.851810 sending message 105 to peer 0x128008000 (43 bytes)
1728002672.851815 sending message 105 to peer 0x128008000 (32 bytes)
1728002672.851821 sending message 105 to peer 0x128008000 (17 bytes)
1728002672.851826 sending message 105 to peer 0x128008000 (25 bytes)
1728002672.851831 sending message 106 to peer 0x128008000 (0 bytes)
1728002672.851926 sending message 200 to peer 0x128008000 (4 bytes)
1728002672.851934 client loop enter
1728002672.852244 peer 0x128008000 message 303
1728002672.852258 open write file 2 -
1728002672.852291 sending message 305 to peer 0x128008000 (8 bytes)
1728002672.852309 write check file 2
1728002672.852366 peer 0x128008000 message 304
1728002672.852377 write 58 to file 2
1728002672.852384 peer 0x128008000 message 203
1728002672.852392 file 2 58 bytes left
1728002672.852411 write check file 2
1728002672.852417 client loop exit
